This file contains any messages produced by compilers while
running configure, to aid debugging if configure makes a mistake.

It was created by hclib configure 1.0, which was
generated by GNU Autoconf 2.71.  Invocation command line was

  $ ../configure --prefix=/home/fuuka/hclib-light/hclib-install

## --------- ##
## Platform. ##
## --------- ##

hostname = fedora
uname -m = x86_64
uname -r = 6.7.3-200.fc39.x86_64
uname -s = Linux
uname -v = #1 SMP PREEMPT_DYNAMIC Thu Feb  1 03:29:52 UTC 2024

/usr/bin/uname -p = unknown
/bin/uname -X     = unknown

/bin/arch              = x86_64
/usr/bin/arch -k       = unknown
/usr/convex/getsysinfo = unknown
/usr/bin/hostinfo      = unknown
/bin/machine           = unknown
/usr/bin/oslevel       = unknown
/bin/universe          = unknown

PATH: /usr/local/bin/
PATH: /usr/local/sbin/
PATH: /usr/bin/
PATH: /usr/sbin/


## ----------- ##
## Core tests. ##
## ----------- ##

configure:2720: looking for aux files: compile config.guess config.sub ltmain.sh missing install-sh
configure:2733:  trying ../config/
configure:2762:   ../config/compile found
configure:2762:   ../config/config.guess found
configure:2762:   ../config/config.sub found
configure:2762:   ../config/ltmain.sh found
configure:2762:   ../config/missing found
configure:2744:   ../config/install-sh found
configure:2897: checking for a BSD-compatible install
configure:2970: result: /usr/bin/install -c
configure:2981: checking whether build environment is sane
configure:3036: result: yes
configure:3195: checking for a race-free mkdir -p
configure:3239: result: /usr/bin/mkdir -p
configure:3246: checking for gawk
configure:3267: found /usr/bin/gawk
configure:3278: result: gawk
configure:3289: checking whether make sets $(MAKE)
configure:3312: result: yes
configure:3342: checking whether make supports nested variables
configure:3360: result: yes
configure:3440: checking whether UID '1000' is supported by ustar format
configure:3443: result: yes
configure:3450: checking whether GID '1000' is supported by ustar format
configure:3453: result: yes
configure:3461: checking how to create a ustar tar archive
configure:3472: tar --version
tar (GNU tar) 1.35
Copyright (C) 2023 Free Software Foundation, Inc.
License GPLv3+: GNU GPL version 3 or later <https://gnu.org/licenses/gpl.html>.
This is free software: you are free to change and redistribute it.
There is NO WARRANTY, to the extent permitted by law.

Written by John Gilmore and Jay Fenlason.
configure:3475: $? = 0
configure:3515: tardir=conftest.dir && eval tar --format=ustar -chf - "$tardir" >conftest.tar
configure:3518: $? = 0
configure:3522: tar -xf - <conftest.tar
configure:3525: $? = 0
configure:3527: cat conftest.dir/file
GrepMe
configure:3530: $? = 0
configure:3544: result: gnutar
configure:3683: checking for g++
configure:3704: found /usr/bin/g++
configure:3715: result: g++
configure:3742: checking for C++ compiler version
configure:3751: g++ --version >&5
g++ (GCC) 13.2.1 20231205 (Red Hat 13.2.1-6)
Copyright (C) 2023 Free Software Foundation, Inc.
This is free software; see the source for copying conditions.  There is NO
warranty; not even for MERCHANTABILITY or FITNESS FOR A PARTICULAR PURPOSE.

configure:3762: $? = 0
configure:3751: g++ -v >&5
Using built-in specs.
COLLECT_GCC=g++
COLLECT_LTO_WRAPPER=/usr/libexec/gcc/x86_64-redhat-linux/13/lto-wrapper
OFFLOAD_TARGET_NAMES=nvptx-none
OFFLOAD_TARGET_DEFAULT=1
Target: x86_64-redhat-linux
Configured with: ../configure --enable-bootstrap --enable-languages=c,c++,fortran,objc,obj-c++,ada,go,d,m2,lto --prefix=/usr --mandir=/usr/share/man --infodir=/usr/share/info --with-bugurl=http://bugzilla.redhat.com/bugzilla --enable-shared --enable-threads=posix --enable-checking=release --enable-multilib --with-system-zlib --enable-__cxa_atexit --disable-libunwind-exceptions --enable-gnu-unique-object --enable-linker-build-id --with-gcc-major-version-only --enable-libstdcxx-backtrace --with-libstdcxx-zoneinfo=/usr/share/zoneinfo --with-linker-hash-style=gnu --enable-plugin --enable-initfini-array --with-isl=/builddir/build/BUILD/gcc-13.2.1-20231205/obj-x86_64-redhat-linux/isl-install --enable-offload-targets=nvptx-none --without-cuda-driver --enable-offload-defaulted --enable-gnu-indirect-function --enable-cet --with-tune=generic --with-arch_32=i686 --build=x86_64-redhat-linux --with-build-config=bootstrap-lto --enable-link-serialization=1
Thread model: posix
Supported LTO compression algorithms: zlib zstd
gcc version 13.2.1 20231205 (Red Hat 13.2.1-6) (GCC) 
... rest of stderr output deleted ...
configure:3762: $? = 0
configure:3751: g++ -V >&5
g++: error: unrecognized command-line option '-V'
g++: fatal error: no input files
compilation terminated.
configure:3762: $? = 1
configure:3751: g++ -qversion >&5
g++: error: unrecognized command-line option '-qversion'; did you mean '--version'?
g++: fatal error: no input files
compilation terminated.
configure:3762: $? = 1
configure:3782: checking whether the C++ compiler works
configure:3804: g++    conftest.cpp  >&5
configure:3808: $? = 0
configure:3858: result: yes
configure:3861: checking for C++ compiler default output file name
configure:3863: result: a.out
configure:3869: checking for suffix of executables
configure:3876: g++ -o conftest    conftest.cpp  >&5
configure:3880: $? = 0
configure:3903: result: 
configure:3925: checking whether we are cross compiling
configure:3933: g++ -o conftest    conftest.cpp  >&5
configure:3937: $? = 0
configure:3944: ./conftest
configure:3948: $? = 0
configure:3963: result: no
configure:3968: checking for suffix of object files
configure:3991: g++ -c   conftest.cpp >&5
configure:3995: $? = 0
configure:4017: result: o
configure:4021: checking whether the compiler supports GNU C++
configure:4041: g++ -c   conftest.cpp >&5
configure:4041: $? = 0
configure:4051: result: yes
configure:4062: checking whether g++ accepts -g
configure:4083: g++ -c -g  conftest.cpp >&5
configure:4083: $? = 0
configure:4127: result: yes
configure:4147: checking for g++ option to enable C++11 features
configure:4162: g++  -c -g -O2  conftest.cpp >&5
conftest.cpp: In function 'int main(int, char**)':
conftest.cpp:175:25: warning: empty parentheses were disambiguated as a function declaration [-Wvexing-parse]
  175 |   cxx11test::delegate d2();
      |                         ^~
conftest.cpp:175:25: note: remove parentheses to default-initialize a variable
  175 |   cxx11test::delegate d2();
      |                         ^~
      |                         --
conftest.cpp:175:25: note: or replace parentheses with braces to value-initialize a variable
configure:4162: $? = 0
configure:4180: result: none needed
configure:4247: checking whether make supports the include directive
configure:4262: make -f confmf.GNU && cat confinc.out
this is the am__doit target
configure:4265: $? = 0
configure:4284: result: yes (GNU style)
configure:4310: checking dependency style of g++
configure:4422: result: gcc3
configure:4469: checking build system type
configure:4484: result: x86_64-pc-linux-gnu
configure:4504: checking host system type
configure:4518: result: x86_64-pc-linux-gnu
configure:4559: checking how to print strings
configure:4586: result: printf
configure:4669: checking for gcc
configure:4690: found /usr/bin/gcc
configure:4701: result: gcc
configure:5054: checking for C compiler version
configure:5063: gcc --version >&5
gcc (GCC) 13.2.1 20231205 (Red Hat 13.2.1-6)
Copyright (C) 2023 Free Software Foundation, Inc.
This is free software; see the source for copying conditions.  There is NO
warranty; not even for MERCHANTABILITY or FITNESS FOR A PARTICULAR PURPOSE.

configure:5074: $? = 0
configure:5063: gcc -v >&5
Using built-in specs.
COLLECT_GCC=gcc
COLLECT_LTO_WRAPPER=/usr/libexec/gcc/x86_64-redhat-linux/13/lto-wrapper
OFFLOAD_TARGET_NAMES=nvptx-none
OFFLOAD_TARGET_DEFAULT=1
Target: x86_64-redhat-linux
Configured with: ../configure --enable-bootstrap --enable-languages=c,c++,fortran,objc,obj-c++,ada,go,d,m2,lto --prefix=/usr --mandir=/usr/share/man --infodir=/usr/share/info --with-bugurl=http://bugzilla.redhat.com/bugzilla --enable-shared --enable-threads=posix --enable-checking=release --enable-multilib --with-system-zlib --enable-__cxa_atexit --disable-libunwind-exceptions --enable-gnu-unique-object --enable-linker-build-id --with-gcc-major-version-only --enable-libstdcxx-backtrace --with-libstdcxx-zoneinfo=/usr/share/zoneinfo --with-linker-hash-style=gnu --enable-plugin --enable-initfini-array --with-isl=/builddir/build/BUILD/gcc-13.2.1-20231205/obj-x86_64-redhat-linux/isl-install --enable-offload-targets=nvptx-none --without-cuda-driver --enable-offload-defaulted --enable-gnu-indirect-function --enable-cet --with-tune=generic --with-arch_32=i686 --build=x86_64-redhat-linux --with-build-config=bootstrap-lto --enable-link-serialization=1
Thread model: posix
Supported LTO compression algorithms: zlib zstd
gcc version 13.2.1 20231205 (Red Hat 13.2.1-6) (GCC) 
... rest of stderr output deleted ...
configure:5074: $? = 0
configure:5063: gcc -V >&5
gcc: error: unrecognized command-line option '-V'
gcc: fatal error: no input files
compilation terminated.
configure:5074: $? = 1
configure:5063: gcc -qversion >&5
gcc: error: unrecognized command-line option '-qversion'; did you mean '--version'?
gcc: fatal error: no input files
compilation terminated.
configure:5074: $? = 1
configure:5063: gcc -version >&5
gcc: error: unrecognized command-line option '-version'
gcc: fatal error: no input files
compilation terminated.
configure:5074: $? = 1
configure:5078: checking whether the compiler supports GNU C
configure:5098: gcc -c   conftest.c >&5
configure:5098: $? = 0
configure:5108: result: yes
configure:5119: checking whether gcc accepts -g
configure:5140: gcc -c -g  conftest.c >&5
configure:5140: $? = 0
configure:5184: result: yes
configure:5204: checking for gcc option to enable C11 features
configure:5219: gcc  -c -g -O2  conftest.c >&5
configure:5219: $? = 0
configure:5237: result: none needed
configure:5353: checking whether gcc understands -c and -o together
configure:5376: gcc -c conftest.c -o conftest2.o
configure:5379: $? = 0
configure:5376: gcc -c conftest.c -o conftest2.o
configure:5379: $? = 0
configure:5391: result: yes
configure:5410: checking dependency style of gcc
configure:5522: result: gcc3
configure:5537: checking for a sed that does not truncate output
configure:5607: result: /usr/bin/sed
configure:5625: checking for grep that handles long lines and -e
configure:5689: result: /usr/bin/grep
configure:5694: checking for egrep
configure:5762: result: /usr/bin/grep -E
configure:5767: checking for fgrep
configure:5835: result: /usr/bin/grep -F
configure:5871: checking for ld used by gcc
configure:5939: result: /usr/bin/ld
configure:5946: checking if the linker (/usr/bin/ld) is GNU ld
configure:5962: result: yes
configure:5974: checking for BSD- or MS-compatible name lister (nm)
configure:6029: result: /usr/bin/nm -B
configure:6169: checking the name lister (/usr/bin/nm -B) interface
configure:6177: gcc -c -g -O2  conftest.c >&5
configure:6180: /usr/bin/nm -B "conftest.o"
configure:6183: output
0000000000000000 B some_variable
configure:6190: result: BSD nm
configure:6193: checking whether ln -s works
configure:6197: result: yes
configure:6205: checking the maximum length of command line arguments
configure:6337: result: 1572864
configure:6385: checking how to convert x86_64-pc-linux-gnu file names to x86_64-pc-linux-gnu format
configure:6426: result: func_convert_file_noop
configure:6433: checking how to convert x86_64-pc-linux-gnu file names to toolchain format
configure:6454: result: func_convert_file_noop
configure:6461: checking for /usr/bin/ld option to reload object files
configure:6469: result: -r
configure:6548: checking for file
configure:6569: found /usr/bin/file
configure:6580: result: file
configure:6656: checking for objdump
configure:6677: found /usr/bin/objdump
configure:6688: result: objdump
configure:6720: checking how to recognize dependent libraries
configure:6921: result: pass_all
configure:7011: checking for dlltool
configure:7046: result: no
configure:7076: checking how to associate runtime and link libraries
configure:7104: result: printf %s\n
configure:7170: checking for ar
configure:7191: found /usr/bin/ar
configure:7202: result: ar
configure:7255: checking for archiver @FILE support
configure:7273: gcc -c -g -O2  conftest.c >&5
configure:7273: $? = 0
configure:7277: ar cr libconftest.a @conftest.lst >&5
configure:7280: $? = 0
configure:7285: ar cr libconftest.a @conftest.lst >&5
ar: conftest.o: No such file or directory
configure:7288: $? = 1
configure:7300: result: @
configure:7363: checking for strip
configure:7384: found /usr/bin/strip
configure:7395: result: strip
configure:7472: checking for ranlib
configure:7493: found /usr/bin/ranlib
configure:7504: result: ranlib
configure:7606: checking command to parse /usr/bin/nm -B output from gcc object
configure:7760: gcc -c -g -O2  conftest.c >&5
configure:7763: $? = 0
configure:7767: /usr/bin/nm -B conftest.o \| /usr/bin/sed -n -e 's/^.*[ ]\([ABCDGIRSTW][ABCDGIRSTW]*\)[ ][ ]*\([_A-Za-z][_A-Za-z0-9]*\)$/\1 \2 \2/p' | /usr/bin/sed '/ __gnu_lto/d' \> conftest.nm
configure:7770: $? = 0
configure:7836: gcc -o conftest -g -O2   conftest.c conftstm.o >&5
configure:7839: $? = 0
configure:7877: result: ok
configure:7924: checking for sysroot
configure:7955: result: no
configure:7962: checking for a working dd
configure:8006: result: /usr/bin/dd
configure:8010: checking how to truncate binary pipes
configure:8026: result: /usr/bin/dd bs=4096 count=1
configure:8163: gcc -c -g -O2  conftest.c >&5
configure:8166: $? = 0
configure:8363: checking for mt
configure:8398: result: no
configure:8418: checking if : is a manifest tool
configure:8425: : '-?'
configure:8433: result: no
configure:9158: checking for stdio.h
configure:9158: gcc -c -g -O2  conftest.c >&5
configure:9158: $? = 0
configure:9158: result: yes
configure:9158: checking for stdlib.h
configure:9158: gcc -c -g -O2  conftest.c >&5
configure:9158: $? = 0
configure:9158: result: yes
configure:9158: checking for string.h
configure:9158: gcc -c -g -O2  conftest.c >&5
configure:9158: $? = 0
configure:9158: result: yes
configure:9158: checking for inttypes.h
configure:9158: gcc -c -g -O2  conftest.c >&5
configure:9158: $? = 0
configure:9158: result: yes
configure:9158: checking for stdint.h
configure:9158: gcc -c -g -O2  conftest.c >&5
configure:9158: $? = 0
configure:9158: result: yes
configure:9158: checking for strings.h
configure:9158: gcc -c -g -O2  conftest.c >&5
configure:9158: $? = 0
configure:9158: result: yes
configure:9158: checking for sys/stat.h
configure:9158: gcc -c -g -O2  conftest.c >&5
configure:9158: $? = 0
configure:9158: result: yes
configure:9158: checking for sys/types.h
configure:9158: gcc -c -g -O2  conftest.c >&5
configure:9158: $? = 0
configure:9158: result: yes
configure:9158: checking for unistd.h
configure:9158: gcc -c -g -O2  conftest.c >&5
configure:9158: $? = 0
configure:9158: result: yes
configure:9183: checking for dlfcn.h
configure:9183: gcc -c -g -O2  conftest.c >&5
configure:9183: $? = 0
configure:9183: result: yes
configure:9453: checking for objdir
configure:9469: result: .libs
configure:9729: checking if gcc supports -fno-rtti -fno-exceptions
configure:9748: gcc -c -g -O2  -fno-rtti -fno-exceptions conftest.c >&5
cc1: warning: command-line option '-fno-rtti' is valid for C++/D/ObjC++ but not for C
configure:9752: $? = 0
configure:9765: result: no
configure:10123: checking for gcc option to produce PIC
configure:10131: result: -fPIC -DPIC
configure:10139: checking if gcc PIC flag -fPIC -DPIC works
configure:10158: gcc -c -g -O2  -fPIC -DPIC -DPIC conftest.c >&5
configure:10162: $? = 0
configure:10175: result: yes
configure:10204: checking if gcc static flag -static works
configure:10233: result: no
configure:10248: checking if gcc supports -c -o file.o
configure:10270: gcc -c -g -O2  -o out/conftest2.o conftest.c >&5
configure:10274: $? = 0
configure:10296: result: yes
configure:10304: checking if gcc supports -c -o file.o
configure:10352: result: yes
configure:10385: checking whether the gcc linker (/usr/bin/ld -m elf_x86_64) supports shared libraries
configure:11653: result: yes
configure:11690: checking whether -lc should be explicitly linked in
configure:11699: gcc -c -g -O2  conftest.c >&5
configure:11702: $? = 0
configure:11717: gcc -shared  -fPIC -DPIC conftest.o  -v -Wl,-soname -Wl,conftest -o conftest 2\>\&1 \| /usr/bin/grep  -lc  \>/dev/null 2\>\&1
configure:11720: $? = 0
configure:11734: result: no
configure:11894: checking dynamic linker characteristics
configure:12476: gcc -o conftest -g -O2   -Wl,-rpath -Wl,/foo conftest.c  >&5
configure:12476: $? = 0
configure:12718: result: GNU/Linux ld.so
configure:12840: checking how to hardcode library paths into programs
configure:12865: result: immediate
configure:13417: checking whether stripping libraries is possible
configure:13426: result: yes
configure:13468: checking if libtool supports shared libraries
configure:13470: result: yes
configure:13473: checking whether to build shared libraries
configure:13498: result: yes
configure:13501: checking whether to build static libraries
configure:13505: result: yes
configure:13528: checking how to run the C++ preprocessor
configure:13550: g++ -E  conftest.cpp
configure:13550: $? = 0
configure:13565: g++ -E  conftest.cpp
conftest.cpp:21:10: fatal error: ac_nonexistent.h: No such file or directory
   21 | #include <ac_nonexistent.h>
      |          ^~~~~~~~~~~~~~~~~~
compilation terminated.
configure:13565: $? = 1
configure: failed program was:
| /* confdefs.h */
| #define PACKAGE_NAME "hclib"
| #define PACKAGE_TARNAME "hclib"
| #define PACKAGE_VERSION "1.0"
| #define PACKAGE_STRING "hclib 1.0"
| #define PACKAGE_BUGREPORT "vivekk@iiitd.ac.in"
| #define PACKAGE_URL ""
| #define HAVE_STDIO_H 1
| #define HAVE_STDLIB_H 1
| #define HAVE_STRING_H 1
| #define HAVE_INTTYPES_H 1
| #define HAVE_STDINT_H 1
| #define HAVE_STRINGS_H 1
| #define HAVE_SYS_STAT_H 1
| #define HAVE_SYS_TYPES_H 1
| #define HAVE_UNISTD_H 1
| #define STDC_HEADERS 1
| #define HAVE_DLFCN_H 1
| #define LT_OBJDIR ".libs/"
| /* end confdefs.h.  */
| #include <ac_nonexistent.h>
configure:13592: result: g++ -E
configure:13606: g++ -E  conftest.cpp
configure:13606: $? = 0
configure:13621: g++ -E  conftest.cpp
conftest.cpp:21:10: fatal error: ac_nonexistent.h: No such file or directory
   21 | #include <ac_nonexistent.h>
      |          ^~~~~~~~~~~~~~~~~~
compilation terminated.
configure:13621: $? = 1
configure: failed program was:
| /* confdefs.h */
| #define PACKAGE_NAME "hclib"
| #define PACKAGE_TARNAME "hclib"
| #define PACKAGE_VERSION "1.0"
| #define PACKAGE_STRING "hclib 1.0"
| #define PACKAGE_BUGREPORT "vivekk@iiitd.ac.in"
| #define PACKAGE_URL ""
| #define HAVE_STDIO_H 1
| #define HAVE_STDLIB_H 1
| #define HAVE_STRING_H 1
| #define HAVE_INTTYPES_H 1
| #define HAVE_STDINT_H 1
| #define HAVE_STRINGS_H 1
| #define HAVE_SYS_STAT_H 1
| #define HAVE_SYS_TYPES_H 1
| #define HAVE_UNISTD_H 1
| #define STDC_HEADERS 1
| #define HAVE_DLFCN_H 1
| #define LT_OBJDIR ".libs/"
| /* end confdefs.h.  */
| #include <ac_nonexistent.h>
configure:13786: checking for ld used by g++
configure:13854: result: /usr/bin/ld -m elf_x86_64
configure:13861: checking if the linker (/usr/bin/ld -m elf_x86_64) is GNU ld
configure:13877: result: yes
configure:13932: checking whether the g++ linker (/usr/bin/ld -m elf_x86_64) supports shared libraries
configure:15010: result: yes
configure:15046: g++ -c -g -O2  conftest.cpp >&5
configure:15049: $? = 0
configure:15530: checking for g++ option to produce PIC
configure:15538: result: -fPIC -DPIC
configure:15546: checking if g++ PIC flag -fPIC -DPIC works
configure:15565: g++ -c -g -O2  -fPIC -DPIC -DPIC conftest.cpp >&5
configure:15569: $? = 0
configure:15582: result: yes
configure:15605: checking if g++ static flag -static works
configure:15634: result: no
configure:15646: checking if g++ supports -c -o file.o
configure:15668: g++ -c -g -O2  -o out/conftest2.o conftest.cpp >&5
configure:15672: $? = 0
configure:15694: result: yes
configure:15699: checking if g++ supports -c -o file.o
configure:15747: result: yes
configure:15777: checking whether the g++ linker (/usr/bin/ld -m elf_x86_64) supports shared libraries
configure:15817: result: yes
configure:15959: checking dynamic linker characteristics
configure:16710: result: GNU/Linux ld.so
configure:16775: checking how to hardcode library paths into programs
configure:16800: result: immediate
configure:16889: Disabled HC performance counters
configure:17052: checking that generated files are newer than configure
configure:17058: result: done
configure:17089: creating ./config.status

## ---------------------- ##
## Running config.status. ##
## ---------------------- ##

This file was extended by hclib config.status 1.0, which was
generated by GNU Autoconf 2.71.  Invocation command line was

  CONFIG_FILES    = 
  CONFIG_HEADERS  = 
  CONFIG_LINKS    = 
  CONFIG_COMMANDS = 
  $ ./config.status 

on fedora

config.status:1072: creating Makefile
config.status:1072: creating src/Makefile
config.status:1229: executing depfiles commands
config.status:1306: cd src       && sed -e '/# am--include-marker/d' Makefile         | make -f - am--depfiles
config.status:1311: $? = 0
config.status:1229: executing libtool commands

## ---------------- ##
## Cache variables. ##
## ---------------- ##

ac_cv_build=x86_64-pc-linux-gnu
ac_cv_c_compiler_gnu=yes
ac_cv_cxx_compiler_gnu=yes
ac_cv_env_CCC_set=
ac_cv_env_CCC_value=
ac_cv_env_CC_set=
ac_cv_env_CC_value=
ac_cv_env_CFLAGS_set=
ac_cv_env_CFLAGS_value=
ac_cv_env_CPPFLAGS_set=
ac_cv_env_CPPFLAGS_value=
ac_cv_env_CXXCPP_set=
ac_cv_env_CXXCPP_value=
ac_cv_env_CXXFLAGS_set=
ac_cv_env_CXXFLAGS_value=
ac_cv_env_CXX_set=
ac_cv_env_CXX_value=
ac_cv_env_LDFLAGS_set=
ac_cv_env_LDFLAGS_value=
ac_cv_env_LIBS_set=
ac_cv_env_LIBS_value=
ac_cv_env_LT_SYS_LIBRARY_PATH_set=
ac_cv_env_LT_SYS_LIBRARY_PATH_value=
ac_cv_env_build_alias_set=
ac_cv_env_build_alias_value=
ac_cv_env_host_alias_set=
ac_cv_env_host_alias_value=
ac_cv_env_target_alias_set=
ac_cv_env_target_alias_value=
ac_cv_header_dlfcn_h=yes
ac_cv_header_inttypes_h=yes
ac_cv_header_stdint_h=yes
ac_cv_header_stdio_h=yes
ac_cv_header_stdlib_h=yes
ac_cv_header_string_h=yes
ac_cv_header_strings_h=yes
ac_cv_header_sys_stat_h=yes
ac_cv_header_sys_types_h=yes
ac_cv_header_unistd_h=yes
ac_cv_host=x86_64-pc-linux-gnu
ac_cv_objext=o
ac_cv_path_EGREP='/usr/bin/grep -E'
ac_cv_path_FGREP='/usr/bin/grep -F'
ac_cv_path_GREP=/usr/bin/grep
ac_cv_path_SED=/usr/bin/sed
ac_cv_path_install='/usr/bin/install -c'
ac_cv_path_lt_DD=/usr/bin/dd
ac_cv_path_mkdir=/usr/bin/mkdir
ac_cv_prog_AWK=gawk
ac_cv_prog_CXXCPP='g++ -E'
ac_cv_prog_ac_ct_AR=ar
ac_cv_prog_ac_ct_CC=gcc
ac_cv_prog_ac_ct_CXX=g++
ac_cv_prog_ac_ct_FILECMD=file
ac_cv_prog_ac_ct_OBJDUMP=objdump
ac_cv_prog_ac_ct_RANLIB=ranlib
ac_cv_prog_ac_ct_STRIP=strip
ac_cv_prog_cc_c11=
ac_cv_prog_cc_g=yes
ac_cv_prog_cc_stdc=
ac_cv_prog_cxx_cxx11=
ac_cv_prog_cxx_g=yes
ac_cv_prog_cxx_stdcxx=
ac_cv_prog_make_make_set=yes
am_cv_CC_dependencies_compiler_type=gcc3
am_cv_CXX_dependencies_compiler_type=gcc3
am_cv_make_support_nested_variables=yes
am_cv_prog_cc_c_o=yes
am_cv_prog_tar_ustar=gnutar
lt_cv_ar_at_file=@
lt_cv_archive_cmds_need_lc=no
lt_cv_deplibs_check_method=pass_all
lt_cv_file_magic_cmd='$MAGIC_CMD'
lt_cv_file_magic_test_file=
lt_cv_ld_reload_flag=-r
lt_cv_nm_interface='BSD nm'
lt_cv_objdir=.libs
lt_cv_path_LD=/usr/bin/ld
lt_cv_path_LDCXX='/usr/bin/ld -m elf_x86_64'
lt_cv_path_NM='/usr/bin/nm -B'
lt_cv_path_mainfest_tool=no
lt_cv_prog_compiler_c_o=yes
lt_cv_prog_compiler_c_o_CXX=yes
lt_cv_prog_compiler_pic='-fPIC -DPIC'
lt_cv_prog_compiler_pic_CXX='-fPIC -DPIC'
lt_cv_prog_compiler_pic_works=yes
lt_cv_prog_compiler_pic_works_CXX=yes
lt_cv_prog_compiler_rtti_exceptions=no
lt_cv_prog_compiler_static_works=no
lt_cv_prog_compiler_static_works_CXX=no
lt_cv_prog_gnu_ld=yes
lt_cv_prog_gnu_ldcxx=yes
lt_cv_sharedlib_from_linklib_cmd='printf %s\n'
lt_cv_shlibpath_overrides_runpath=yes
lt_cv_sys_global_symbol_pipe='/usr/bin/sed -n -e '\''s/^.*[	 ]\([ABCDGIRSTW][ABCDGIRSTW]*\)[	 ][	 ]*\([_A-Za-z][_A-Za-z0-9]*\)$/\1 \2 \2/p'\'' | /usr/bin/sed '\''/ __gnu_lto/d'\'''
lt_cv_sys_global_symbol_to_c_name_address='/usr/bin/sed -n -e '\''s/^: \(.*\) .*$/  {"\1", (void *) 0},/p'\'' -e '\''s/^[ABCDGIRSTW][ABCDGIRSTW]* .* \(.*\)$/  {"\1", (void *) \&\1},/p'\'''
lt_cv_sys_global_symbol_to_c_name_address_lib_prefix='/usr/bin/sed -n -e '\''s/^: \(.*\) .*$/  {"\1", (void *) 0},/p'\'' -e '\''s/^[ABCDGIRSTW][ABCDGIRSTW]* .* \(lib.*\)$/  {"\1", (void *) \&\1},/p'\'' -e '\''s/^[ABCDGIRSTW][ABCDGIRSTW]* .* \(.*\)$/  {"lib\1", (void *) \&\1},/p'\'''
lt_cv_sys_global_symbol_to_cdecl='/usr/bin/sed -n -e '\''s/^T .* \(.*\)$/extern int \1();/p'\'' -e '\''s/^[ABCDGIRSTW][ABCDGIRSTW]* .* \(.*\)$/extern char \1;/p'\'''
lt_cv_sys_global_symbol_to_import=
lt_cv_sys_max_cmd_len=1572864
lt_cv_to_host_file_cmd=func_convert_file_noop
lt_cv_to_tool_file_cmd=func_convert_file_noop
lt_cv_truncate_bin='/usr/bin/dd bs=4096 count=1'

## ----------------- ##
## Output variables. ##
## ----------------- ##

ACLOCAL='${SHELL} '\''/home/fuuka/hclib-light/config/missing'\'' aclocal-1.16'
AMDEPBACKSLASH='\'
AMDEP_FALSE='#'
AMDEP_TRUE=''
AMTAR='$${TAR-tar}'
AM_BACKSLASH='\'
AM_DEFAULT_V='$(AM_DEFAULT_VERBOSITY)'
AM_DEFAULT_VERBOSITY='1'
AM_V='$(V)'
AR='ar'
AUTOCONF='${SHELL} '\''/home/fuuka/hclib-light/config/missing'\'' autoconf'
AUTOHEADER='${SHELL} '\''/home/fuuka/hclib-light/config/missing'\'' autoheader'
AUTOMAKE='${SHELL} '\''/home/fuuka/hclib-light/config/missing'\'' automake-1.16'
AWK='gawk'
CC='gcc'
CCDEPMODE='depmode=gcc3'
CFLAGS='-g -O2'
CPPFLAGS=''
CSCOPE='cscope'
CTAGS='ctags'
CXX='g++'
CXXCPP='g++ -E'
CXXDEPMODE='depmode=gcc3'
CXXFLAGS='-g -O2'
CYGPATH_W='echo'
DEFS='-DPACKAGE_NAME=\"hclib\" -DPACKAGE_TARNAME=\"hclib\" -DPACKAGE_VERSION=\"1.0\" -DPACKAGE_STRING=\"hclib\ 1.0\" -DPACKAGE_BUGREPORT=\"vivekk@iiitd.ac.in\" -DPACKAGE_URL=\"\" -DHAVE_STDIO_H=1 -DHAVE_STDLIB_H=1 -DHAVE_STRING_H=1 -DHAVE_INTTYPES_H=1 -DHAVE_STDINT_H=1 -DHAVE_STRINGS_H=1 -DHAVE_SYS_STAT_H=1 -DHAVE_SYS_TYPES_H=1 -DHAVE_UNISTD_H=1 -DSTDC_HEADERS=1 -DHAVE_DLFCN_H=1 -DLT_OBJDIR=\".libs/\"'
DEPDIR='.deps'
DLLTOOL='false'
DSYMUTIL=''
DUMPBIN=''
ECHO_C=''
ECHO_N='-n'
ECHO_T=''
EGREP='/usr/bin/grep -E'
ETAGS='etags'
EXEEXT=''
FGREP='/usr/bin/grep -F'
FILECMD='file'
GREP='/usr/bin/grep'
INSTALL_DATA='${INSTALL} -m 644'
INSTALL_PROGRAM='${INSTALL}'
INSTALL_SCRIPT='${INSTALL}'
INSTALL_STRIP_PROGRAM='$(install_sh) -c -s'
LD='/usr/bin/ld -m elf_x86_64'
LDFLAGS=''
LIBOBJS=''
LIBS=''
LIBTOOL='$(SHELL) $(top_builddir)/libtool'
LIPO=''
LN_S='ln -s'
LTLIBOBJS=''
LT_SYS_LIBRARY_PATH=''
MAKEINFO='${SHELL} '\''/home/fuuka/hclib-light/config/missing'\'' makeinfo'
MANIFEST_TOOL=':'
MKDIR_P='/usr/bin/mkdir -p'
NM='/usr/bin/nm -B'
NMEDIT=''
OBJDUMP='objdump'
OBJEXT='o'
OTOOL64=''
OTOOL=''
PACKAGE='hclib'
PACKAGE_BUGREPORT='vivekk@iiitd.ac.in'
PACKAGE_NAME='hclib'
PACKAGE_STRING='hclib 1.0'
PACKAGE_TARNAME='hclib'
PACKAGE_URL=''
PACKAGE_VERSION='1.0'
PATH_SEPARATOR=':'
PERFCOUNTER_FALSE=''
PERFCOUNTER_TRUE='#'
RANLIB='ranlib'
SED='/usr/bin/sed'
SET_MAKE=''
SHELL='/bin/sh'
STRIP='strip'
VERSION='1.0'
abs_top_srcdir=''
ac_aux_dir='../config/'
ac_ct_AR='ar'
ac_ct_CC='gcc'
ac_ct_CXX='g++'
ac_ct_DUMPBIN=''
am__EXEEXT_FALSE=''
am__EXEEXT_TRUE='#'
am__fastdepCC_FALSE='#'
am__fastdepCC_TRUE=''
am__fastdepCXX_FALSE='#'
am__fastdepCXX_TRUE=''
am__include='include'
am__isrc=' -I$(srcdir)'
am__leading_dot='.'
am__nodep='_no'
am__quote=''
am__tar='tar --format=ustar -chf - "$$tardir"'
am__untar='tar -xf -'
bindir='${exec_prefix}/bin'
build='x86_64-pc-linux-gnu'
build_alias=''
build_cpu='x86_64'
build_os='linux-gnu'
build_vendor='pc'
datadir='${datarootdir}'
datarootdir='${prefix}/share'
docdir='${datarootdir}/doc/${PACKAGE_TARNAME}'
dvidir='${docdir}'
exec_prefix='${prefix}'
host='x86_64-pc-linux-gnu'
host_alias=''
host_cpu='x86_64'
host_os='linux-gnu'
host_vendor='pc'
htmldir='${docdir}'
includedir='${prefix}/include'
infodir='${datarootdir}/info'
install_sh='${SHELL} /home/fuuka/hclib-light/config/install-sh'
libdir='${exec_prefix}/lib'
libexecdir='${exec_prefix}/libexec'
localedir='${datarootdir}/locale'
localstatedir='${prefix}/var'
mandir='${datarootdir}/man'
mkdir_p='$(MKDIR_P)'
oldincludedir='/usr/include'
pdfdir='${docdir}'
prefix='/home/fuuka/hclib-light/hclib-install'
program_transform_name='s,x,x,'
psdir='${docdir}'
runstatedir='${localstatedir}/run'
sbindir='${exec_prefix}/sbin'
sharedstatedir='${prefix}/com'
sysconfdir='${prefix}/etc'
target_alias=''

## ----------- ##
## confdefs.h. ##
## ----------- ##

/* confdefs.h */
#define PACKAGE_NAME "hclib"
#define PACKAGE_TARNAME "hclib"
#define PACKAGE_VERSION "1.0"
#define PACKAGE_STRING "hclib 1.0"
#define PACKAGE_BUGREPORT "vivekk@iiitd.ac.in"
#define PACKAGE_URL ""
#define HAVE_STDIO_H 1
#define HAVE_STDLIB_H 1
#define HAVE_STRING_H 1
#define HAVE_INTTYPES_H 1
#define HAVE_STDINT_H 1
#define HAVE_STRINGS_H 1
#define HAVE_SYS_STAT_H 1
#define HAVE_SYS_TYPES_H 1
#define HAVE_UNISTD_H 1
#define STDC_HEADERS 1
#define HAVE_DLFCN_H 1
#define LT_OBJDIR ".libs/"

configure: exit 0
